Script started on Tue 19 Feb 2013 11:13:39 AM EST
]0;landgrebea@aldenv104: ~/cs112/lab3landgrebea@aldenv104:~/cs112/lab3$ javac TwitterClient.java 
]0;landgrebea@aldenv104: ~/cs112/lab3landgrebea@aldenv104:~/cs112/lab3$ java W[KTwitterClient directMessage
[Tue Feb 19 11:13:58 EST 2013]debug: true
[Tue Feb 19 11:13:58 EST 2013]userAgent: twitter4j http://twitter4j.org/ /3.0.3
[Tue Feb 19 11:13:58 EST 2013]user: null
[Tue Feb 19 11:13:58 EST 2013]password: null
[Tue Feb 19 11:13:58 EST 2013]useSSL: false
[Tue Feb 19 11:13:58 EST 2013]prettyDebug: false
[Tue Feb 19 11:13:58 EST 2013]gzipEnabled: true
[Tue Feb 19 11:13:58 EST 2013]httpProxyHost: null
[Tue Feb 19 11:13:58 EST 2013]httpProxyUser: null
[Tue Feb 19 11:13:58 EST 2013]httpProxyPassword: null
[Tue Feb 19 11:13:58 EST 2013]httpProxyPort: -1
[Tue Feb 19 11:13:58 EST 2013]httpConnectionTimeout: 20000
[Tue Feb 19 11:13:58 EST 2013]httpReadTimeout: 120000
[Tue Feb 19 11:13:58 EST 2013]httpStreamingReadTimeout: 40000
[Tue Feb 19 11:13:58 EST 2013]httpRetryCount: 0
[Tue Feb 19 11:13:58 EST 2013]httpRetryIntervalSeconds: 5
[Tue Feb 19 11:13:58 EST 2013]maxTotalConnections: 20
[Tue Feb 19 11:13:58 EST 2013]defaultMaxPerRoute: 2
[Tue Feb 19 11:13:58 EST 2013]oAuthConsumerKey: 87phzuHwuARcCwAjgVUYww
[Tue Feb 19 11:13:58 EST 2013]oAuthConsumerSecret: ******************************************
[Tue Feb 19 11:13:58 EST 2013]oAuthAccessToken: 191177028-bAHbsEQvBbcNG8sQ1ZUPli9rhwGIzyx6CGvJIYbf
[Tue Feb 19 11:13:58 EST 2013]oAuthAccessTokenSecret: *******************************************
[Tue Feb 19 11:13:58 EST 2013]oAuthRequestTokenURL: http://api.twitter.com/oauth/request_token
[Tue Feb 19 11:13:58 EST 2013]oAuthAuthorizationURL: http://api.twitter.com/oauth/authorize
[Tue Feb 19 11:13:58 EST 2013]oAuthAccessTokenURL: http://api.twitter.com/oauth/access_token
[Tue Feb 19 11:13:58 EST 2013]oAuthAuthenticationURL: http://api.twitter.com/oauth/authenticate
[Tue Feb 19 11:13:58 EST 2013]restBaseURL: http://api.twitter.com/1.1/
[Tue Feb 19 11:13:58 EST 2013]streamBaseURL: https://stream.twitter.com/1.1/
[Tue Feb 19 11:13:58 EST 2013]userStreamBaseURL: https://userstream.twitter.com/1.1/
[Tue Feb 19 11:13:58 EST 2013]siteStreamBaseURL: https://sitestream.twitter.com/1.1/
[Tue Feb 19 11:13:58 EST 2013]dispatcherImpl: twitter4j.internal.async.DispatcherImpl
[Tue Feb 19 11:13:58 EST 2013]loggerFactory: null
[Tue Feb 19 11:13:58 EST 2013]asyncNumThreads: 1
[Tue Feb 19 11:13:58 EST 2013]contributingTo: -1
[Tue Feb 19 11:13:58 EST 2013]includeRTsEnabled: true
[Tue Feb 19 11:13:58 EST 2013]includeEntitiesEnabled: true
[Tue Feb 19 11:13:58 EST 2013]includeMyRetweetEnabled: true
[Tue Feb 19 11:13:58 EST 2013]jsonStoreEnabled: false
[Tue Feb 19 11:13:58 EST 2013]mbeanEnabled: false
[Tue Feb 19 11:13:58 EST 2013]userStreamRepliesAllEnabled: false
[Tue Feb 19 11:13:58 EST 2013]stallWarningsEnabled: true
[Tue Feb 19 11:13:58 EST 2013]mediaProvider: TWITTER
[Tue Feb 19 11:13:58 EST 2013]mediaProviderAPIKey: null
[Tue Feb 19 11:13:58 EST 2013]mediaProviderParameters: null
[Tue Feb 19 11:13:58 EST 2013]clientVersion: 3.0.3
[Tue Feb 19 11:13:58 EST 2013]clientURL: http://twitter4j.org/en/twitter4j-3.0.3.xml
[Tue Feb 19 11:13:58 EST 2013]DALVIK: twitter4j.dalvik
[Tue Feb 19 11:13:58 EST 2013]GAE: twitter4j.gae
[Tue Feb 19 11:13:58 EST 2013]DEFAULT_OAUTH_REQUEST_TOKEN_URL: http://api.twitter.com/oauth/request_token
[Tue Feb 19 11:13:58 EST 2013]DEFAULT_OAUTH_AUTHORIZATION_URL: http://api.twitter.com/oauth/authorize
[Tue Feb 19 11:13:58 EST 2013]DEFAULT_OAUTH_ACCESS_TOKEN_URL: http://api.twitter.com/oauth/access_token
[Tue Feb 19 11:13:58 EST 2013]DEFAULT_OAUTH_AUTHENTICATION_URL: http://api.twitter.com/oauth/authenticate
[Tue Feb 19 11:13:58 EST 2013]DEFAULT_REST_BASE_URL: http://api.twitter.com/1.1/
[Tue Feb 19 11:13:58 EST 2013]DEFAULT_STREAM_BASE_URL: https://stream.twitter.com/1.1/
[Tue Feb 19 11:13:58 EST 2013]DEFAULT_USER_STREAM_BASE_URL: https://userstream.twitter.com/1.1/
[Tue Feb 19 11:13:58 EST 2013]DEFAULT_SITE_STREAM_BASE_URL: https://sitestream.twitter.com/1.1/
[Tue Feb 19 11:13:58 EST 2013]IS_DALVIK: false
[Tue Feb 19 11:13:58 EST 2013]IS_GAE: false
[Tue Feb 19 11:13:58 EST 2013]serialVersionUID: -6610497517837844232
[Tue Feb 19 11:13:58 EST 2013]dalvikDetected: false
[Tue Feb 19 11:13:58 EST 2013]gaeDetected: false
[Tue Feb 19 11:13:58 EST 2013]requestHeaders: {X-Twitter-Client-URL=http://twitter4j.org/en/twitter4j-3.0.3.xml, X-Twitter-Client=Twitter4J, Accept-Encoding=gzip, User-Agent=twitter4j http://twitter4j.org/ /3.0.3, X-Twitter-Client-Version=3.0.3}
[Tue Feb 19 11:13:58 EST 2013]instances: [ConfigurationBase{debug=true, userAgent='twitter4j http://twitter4j.org/ /3.0.3', user='null', password='null', useSSL=false, prettyDebug=false, gzipEnabled=true, httpProxyHost='null', httpProxyUser='null', httpProxyPassword='null', httpProxyPort=-1, httpConnectionTimeout=20000, httpReadTimeout=120000, httpStreamingReadTimeout=40000, httpRetryCount=0, httpRetryIntervalSeconds=5, maxTotalConnections=20, defaultMaxPerRoute=2, oAuthConsumerKey='87phzuHwuARcCwAjgVUYww', oAuthConsumerSecret='D9AAkdfQcWR04CuU4IL4s3tVLxiijsez276ldayTng', oAuthAccessToken='191177028-bAHbsEQvBbcNG8sQ1ZUPli9rhwGIzyx6CGvJIYbf', oAuthAccessTokenSecret='1i7rzY2d6WSnylYLjc3SrEzVKwZZNlmLM5yPVFigUWY', oAuthRequestTokenURL='http://api.twitter.com/oauth/request_token', oAuthAuthorizationURL='http://api.twitter.com/oauth/authorize', oAuthAccessTokenURL='http://api.twitter.com/oauth/access_token', oAuthAuthenticationURL='http://api.twitter.com/oauth/authenticate', restBaseURL='http://api.twitter.com/1.1/', streamBaseURL='https://stream.twitter.com/1.1/', userStreamBaseURL='https://userstream.twitter.com/1.1/', siteStreamBaseURL='https://sitestream.twitter.com/1.1/', dispatcherImpl='twitter4j.internal.async.DispatcherImpl', loggerFactory='null', asyncNumThreads=1, contributingTo=-1, includeRTsEnabled=true, includeEntitiesEnabled=true, includeMyRetweetEnabled=true, jsonStoreEnabled=false, mbeanEnabled=false, userStreamRepliesAllEnabled=false, stallWarningsEnabled=true, mediaProvider='TWITTER', mediaProviderAPIKey='null', mediaProviderParameters=null, clientVersion='3.0.3', clientURL='http://twitter4j.org/en/twitter4j-3.0.3.xml', IS_DALVIK=false, IS_GAE=false, requestHeaders={X-Twitter-Client-URL=http://twitter4j.org/en/twitter4j-3.0.3.xml, X-Twitter-Client=Twitter4J, Accept-Encoding=gzip, User-Agent=twitter4j http://twitter4j.org/ /3.0.3, X-Twitter-Client-Version=3.0.3}}]
[Tue Feb 19 11:13:58 EST 2013]Request: 
[Tue Feb 19 11:13:58 EST 2013]GET http://api.twitter.com/1.1/account/verify_credentials.json
[Tue Feb 19 11:13:58 EST 2013]OAuth base string: GET&http%3A%2F%2Fapi.twitter.com%2F1.1%2Faccount%2Fverify_credentials.json&oauth_consumer_key%3D87phzuHwuARcCwAjgVUYww%26oauth_nonce%3D29766678%26oauth_signature_method%3DHMAC-SHA1%26oauth_timestamp%3D1361290438%26oauth_token%3D191177028-bAHbsEQvBbcNG8sQ1ZUPli9rhwGIzyx6CGvJIYbf%26oauth_version%3D1.0
[Tue Feb 19 11:13:58 EST 2013]OAuth signature: 2P6r96nqyqRl4vNNDGN1JbRSGw4=
[Tue Feb 19 11:13:58 EST 2013]Authorization: ******************************************************************************************************************************************************************************************************************************************************************************
[Tue Feb 19 11:13:58 EST 2013]X-Twitter-Client-URL: http://twitter4j.org/en/twitter4j-3.0.3.xml
[Tue Feb 19 11:13:58 EST 2013]X-Twitter-Client: Twitter4J
[Tue Feb 19 11:13:58 EST 2013]Accept-Encoding: gzip
[Tue Feb 19 11:13:58 EST 2013]User-Agent: twitter4j http://twitter4j.org/ /3.0.3
[Tue Feb 19 11:13:58 EST 2013]X-Twitter-Client-Version: 3.0.3
[Tue Feb 19 11:13:58 EST 2013]Response: 
[Tue Feb 19 11:13:58 EST 2013]HTTP/1.1 200 OK
[Tue Feb 19 11:13:58 EST 2013]X-Runtime: 0.02908
[Tue Feb 19 11:13:58 EST 2013]ETag: "879c0c74ef7401bf8c3b2d2f463e4609"
[Tue Feb 19 11:13:58 EST 2013]X-Rate-Limit-Limit: 15
[Tue Feb 19 11:13:58 EST 2013]X-Transaction: 7ec9484dbd14d983
[Tue Feb 19 11:13:58 EST 2013]Content-Length: 833
[Tue Feb 19 11:13:58 EST 2013]X-MID: 9a6c8138e63efafc3146dd49139a07a709ee9779
[Tue Feb 19 11:13:58 EST 2013]Expires: Tue, 31 Mar 1981 05:00:00 GMT
[Tue Feb 19 11:13:58 EST 2013]X-Access-Level: read-write
[Tue Feb 19 11:13:58 EST 2013]Last-Modified: Tue, 19 Feb 2013 16:13:58 GMT
[Tue Feb 19 11:13:58 EST 2013]X-Rate-Limit-Remaining: 13
[Tue Feb 19 11:13:58 EST 2013]Set-Cookie: _twitter_sess=BAh7CToMY3NyZl9pZCIlMWRkMDE5YWE0ZGYyYTQ1YWUzNWQyOTJiZjU1NDM5%250AZmE6D2NyZWF0ZWRfYXRsKwjKpzvzPAE6B2lkIiU5MzNmZjc3YmMzODk2ZmJi%250AOTA2YTZhNjljNzY3ODYzYyIKZmxhc2hJQzonQWN0aW9uQ29udHJvbGxlcjo6%250ARmxhc2g6OkZsYXNoSGFzaHsABjoKQHVzZWR7AA%253D%253D--dd54910315914c6d9b06302ad67965237d00fca7; domain=.twitter.com; path=/; HttpOnly
[Tue Feb 19 11:13:58 EST 2013]Set-Cookie: twid=u%3D191177028%7CW%2BKfFTPQ0nuPKZ5ljw0rOi%2BfnuM%3D; domain=.twitter.com; path=/; secure
[Tue Feb 19 11:13:58 EST 2013]Set-Cookie: lang=en; path=/
[Tue Feb 19 11:13:58 EST 2013]Set-Cookie: lang=en; path=/
[Tue Feb 19 11:13:58 EST 2013]Set-Cookie: lang=en; path=/
[Tue Feb 19 11:13:58 EST 2013]Set-Cookie: dnt=; domain=.twitter.com; path=/; expires=Thu, 01-Jan-1970 00:00:00 GMT
[Tue Feb 19 11:13:58 EST 2013]Set-Cookie: guest_id=v1%3A136129043859052019; domain=.twitter.com; path=/; expires=Fri, 20-Feb-2015 04:13:58 GMT
[Tue Feb 19 11:13:58 EST 2013]Set-Cookie: k=10.40.64.130.1361290438588601; path=/; expires=Tue, 26-Feb-13 16:13:58 GMT; domain=.twitter.com
[Tue Feb 19 11:13:58 EST 2013]Server: tfe
[Tue Feb 19 11:13:58 EST 2013]Pragma: no-cache
[Tue Feb 19 11:13:58 EST 2013]Cache-Control: no-cache, no-store, must-revalidate, pre-check=0, post-check=0
[Tue Feb 19 11:13:58 EST 2013]X-Frame-Options: SAMEORIGIN
[Tue Feb 19 11:13:58 EST 2013]Status: 200 OK
[Tue Feb 19 11:13:58 EST 2013]Vary: Accept-Encoding
[Tue Feb 19 11:13:58 EST 2013]Date: Tue, 19 Feb 2013 16:13:58 GMT
[Tue Feb 19 11:13:58 EST 2013]Content-Encoding: gzip
[Tue Feb 19 11:13:58 EST 2013]X-Rate-Limit-Reset: 1361290873
[Tue Feb 19 11:13:58 EST 2013]Content-Type: application/json; charset=utf-8
[Tue Feb 19 11:13:58 EST 2013]X-Transaction-Mask: a6183ffa5f8ca943ff1b53b5644ef114aad30ada
[Tue Feb 19 11:13:58 EST 2013]{"location":null,"default_profile":true,"profile_background_tile":false,"statuses_count":12,"lang":"en","profile_link_color":"0084B4","id":191177028,"following":false,"protected":false,"favourites_count":0,"profile_text_color":"333333","description":"i am a metal head that is danish that plays tennis. Whats good?","verified":false,"contributors_enabled":false,"profile_sidebar_border_color":"C0DEED","name":"Andreas Landgrebe","profile_background_color":"C0DEED","created_at":"Wed Sep 15 19:58:14 +0000 2010","default_profile_image":true,"followers_count":28,"status":{"text":"#CS1124Life","contributors":null,"geo":null,"retweeted":false,"in_reply_to_screen_name":null,"truncated":false,"entities":{"urls":[],"hashtags":[{"text":"CS1124Life","indices":[0,11]}],"user_mentions":[]},"in_reply_to_status_id_str":null,"id":303599404097605633,"source":"<a href=\"http://www.cs.allegheny.edu/sites/gkapfham\" rel=\"nofollow\">GregKapfhammerClient<\/a>","in_reply_to_user_id_str":null,"favorited":false,"in_reply_to_status_id":null,"created_at":"Mon Feb 18 20:18:33 +0000 2013","in_reply_to_user_id":null,"retweet_count":0,"id_str":"303599404097605633","place":null,"coordinates":null},"geo_enabled":false,"profile_image_url_https":"https://twimg0-a.akamaihd.net/sticky/default_profile_images/default_profile_0_normal.png","profile_background_image_url":"http://a0.twimg.com/images/themes/theme1/bg.png","profile_background_image_url_https":"https://twimg0-a.akamaihd.net/images/themes/theme1/bg.png","follow_request_sent":false,"entities":{"description":{"urls":[]}},"url":null,"utc_offset":null,"time_zone":null,"notifications":false,"profile_use_background_image":true,"friends_count":163,"profile_sidebar_fill_color":"DDEEF6","screen_name":"grebes15","id_str":"191177028","profile_image_url":"http://a0.twimg.com/sticky/default_profile_images/default_profile_0_normal.png","is_translator":false,"listed_count":0}
[Tue Feb 19 11:13:58 EST 2013]Request: 
[Tue Feb 19 11:13:58 EST 2013]GET http://api.twitter.com/1.1/statuses/home_timeline.json?include_my_retweet=true&include_entities=1&include_rts=1
[Tue Feb 19 11:13:58 EST 2013]OAuth base string: GET&http%3A%2F%2Fapi.twitter.com%2F1.1%2Fstatuses%2Fhome_timeline.json&include_entities%3D1%26include_my_retweet%3Dtrue%26include_rts%3D1%26oauth_consumer_key%3D87phzuHwuARcCwAjgVUYww%26oauth_nonce%3D3163842453%26oauth_signature_method%3DHMAC-SHA1%26oauth_timestamp%3D1361290438%26oauth_token%3D191177028-bAHbsEQvBbcNG8sQ1ZUPli9rhwGIzyx6CGvJIYbf%26oauth_version%3D1.0
[Tue Feb 19 11:13:58 EST 2013]OAuth signature: QWOV5pYLI0oquM7TlMPyebjouK8=
[Tue Feb 19 11:13:58 EST 2013]Authorization: ********************************************************************************************************************************************************************************************************************************************************************************
[Tue Feb 19 11:13:58 EST 2013]X-Twitter-Client-URL: http://twitter4j.org/en/twitter4j-3.0.3.xml
[Tue Feb 19 11:13:58 EST 2013]X-Twitter-Client: Twitter4J
[Tue Feb 19 11:13:58 EST 2013]Accept-Encoding: gzip
[Tue Feb 19 11:13:58 EST 2013]User-Agent: twitter4j http://twitter4j.org/ /3.0.3
[Tue Feb 19 11:13:58 EST 2013]X-Twitter-Client-Version: 3.0.3
[Tue Feb 19 11:13:58 EST 2013]Response: 
[Tue Feb 19 11:13:58 EST 2013]HTTP/1.1 200 OK
[Tue Feb 19 11:13:58 EST 2013]X-Rate-Limit-Limit: 15
[Tue Feb 19 11:13:58 EST 2013]Content-Length: 8653
[Tue Feb 19 11:13:58 EST 2013]X-Transaction: f9186fbec63273e1
[Tue Feb 19 11:13:58 EST 2013]Expires: Tue, 31 Mar 1981 05:00:00 GMT
[Tue Feb 19 11:13:58 EST 2013]X-Access-Level: read-write
[Tue Feb 19 11:13:58 EST 2013]Last-Modified: Tue, 19 Feb 2013 16:13:58 GMT
[Tue Feb 19 11:13:58 EST 2013]X-Rate-Limit-Remaining: 13
[Tue Feb 19 11:13:58 EST 2013]Set-Cookie: k=141.195.226.104.f9186fbec63273e1; path=/; expires=Tue, 26-Feb-2013 16:13:58 UTC; domain=.com; httponly
[Tue Feb 19 11:13:58 EST 2013]Set-Cookie: lang=en
[Tue Feb 19 11:13:58 EST 2013]Set-Cookie: guest_id=v1%3A136129043874390198; Expires=Thu, 19-Feb-2015 16:13:58 GMT; Path=/; Domain=.twitter.com
[Tue Feb 19 11:13:58 EST 2013]Server: tfe
[Tue Feb 19 11:13:58 EST 2013]Pragma: no-cache
[Tue Feb 19 11:13:58 EST 2013]Cache-Control: no-cache, no-store, must-revalidate, pre-check=0, post-check=0
[Tue Feb 19 11:13:58 EST 2013]X-Frame-Options: SAMEORIGIN
[Tue Feb 19 11:13:58 EST 2013]Status: 200 OK
[Tue Feb 19 11:13:58 EST 2013]Date: Tue, 19 Feb 2013 16:13:58 GMT
[Tue Feb 19 11:13:58 EST 2013]Content-Encoding: gzip
[Tue Feb 19 11:13:58 EST 2013]X-Rate-Limit-Reset: 1361290874
[Tue Feb 19 11:13:58 EST 2013]Content-Type: application/json;charset=utf-8
[Tue Feb 19 11:13:58 EST 2013][{"contributors":null,"text":"#LookingForward: #Career and Academic Planning for #HighSchool Students! Sponsored by @WilkesU + @MisericordiaU: http://t.co/mn6BCg8s","geo":null,"retweeted":false,"in_reply_to_screen_name":null,"possibly_sensitive":false,"truncated":false,"entities":{"urls":[{"expanded_url":"http://tinyurl.com/aklwb9k","indices":[113,133],"display_url":"tinyurl.com/aklwb9k","url":"http://t.co/mn6BCg8s"}],"hashtags":[{"text":"LookingForward","indices":[0,15]},{"text":"Career","indices":[17,24]},{"text":"HighSchool","indices":[51,62]}],"user_mentions":[{"id":23446723,"name":"Wilkes University","indices":[86,94],"screen_name":"WilkesU","id_str":"23446723"},{"id":37047831,"name":"Misericordia U","indices":[97,111],"screen_name":"MisericordiaU","id_str":"37047831"}]},"in_reply_to_status_id_str":null,"id":303898665683132417,"source":"web","in_reply_to_user_id_str":null,"favorited":false,"in_reply_to_status_id":null,"retweet_count":0,"created_at":"Tue Feb 19 16:07:42 +0000 2013","in_reply_to_user_id":null,"id_str":"303898665683132417","place":null,"user":{"location":"Wilkes-Barre, PA","default_profile":false,"profile_background_tile":true,"statuses_count":1274,"lang":"en","profile_link_color":"0084B4","profile_banner_url":"https://si0.twimg.com/profile_banners/23446723/1355158201","id":23446723,"following":true,"protected":false,"favourites_count":2,"profile_text_color":"333333","description":"Wilkes University","verified":false,"contributors_enabled":false,"profile_sidebar_border_color":"BDDCAD","name":"Wilkes University","profile_background_color":"000000","created_at":"Mon Mar 09 15:20:26 +0000 2009","default_profile_image":false,"followers_count":1724,"profile_image_url_https":"https://si0.twimg.com/profile_images/2957609673/a1a960793ca13339f133a40cdc2010bb_normal.png","geo_enabled":false,"profile_background_image_url":"http://a0.twimg.com/profile_background_images/121046943/pattern.jpg","profile_background_image_url_https":"https://si0.twimg.com/profile_background_images/121046943/pattern.jpg","follow_request_sent":null,"entities":{"description":{"urls":[]},"url":{"urls":[{"expanded_url":null,"indices":[0,17],"url":"http://wilkes.edu"}]}},"url":"http://wilkes.edu","utc_offset":-18000,"time_zone":"Eastern Time (US & Canada)","notifications":null,"profile_use_background_image":true,"friends_count":161,"profile_sidebar_fill_color":"DDFFCC","screen_name":"WilkesU","id_str":"23446723","profile_image_url":"http://a0.twimg.com/profile_images/2957609673/a1a960793ca13339f133a40cdc2010bb_normal.png","listed_count":47,"is_translator":false},"coordinates":null},{"contributors":null,"text":"I feel like a lot of kids withdraw-ed from my computer science class.","geo":null,"retweeted":false,"in_reply_to_screen_name":null,"truncated":false,"entities":{"urls":[],"hashtags":[],"user_mentions":[]},"in_reply_to_status_id_str":null,"id":303898473550467072,"source":"web","in_reply_to_user_id_str":null,"favorited":false,"in_reply_to_status_id":null,"retweet_count":0,"created_at":"Tue Feb 19 16:06:56 +0000 2013","in_reply_to_user_id":null,"id_str":"303898473550467072","place":null,"user":{"location":"","default_profile":false,"profile_background_tile":true,"statuses_count":4095,"lang":"en","profile_link_color":"B0790A","profile_banner_url":"https://si0.twimg.com/profile_banners/345561500/1352585318","id":345561500,"following":true,"protected":false,"favourites_count":58,"profile_text_color":"333333","description":"Dream as if you'll live forever, live as if you'll die today.","verified":false,"contributors_enabled":false,"profile_sidebar_border_color":"EEEEEE","name":"Joey Magsambol","profile_background_color":"1648E0","created_at":"Sat Jul 30 20:09:14 +0000 2011","default_profile_image":false,"followers_count":189,"profile_image_url_https":"https://si0.twimg.com/profile_images/3035915849/ae09793883795b7d4e18fae6d33df9e2_normal.png","geo_enabled":false,"profile_background_image_url":"http://a0.twimg.com/profile_background_images/551118569/546468_3880384933867_1406101430_33506652_1529387303_n.jpg","profile_background_image_url_https":"https://si0.twimg.com/profile_background_images/551118569/546468_3880384933867_1406101430_33506652_1529387303_n.jpg","follow_request_sent":null,"entities":{"description":{"urls":[]}},"url":null,"utc_offset":-18000,"time_zone":"Quito","notifications":null,"profile_use_background_image":true,"friends_count":179,"profile_sidebar_fill_color":"EFEFEF","screen_name":"J_Magz58","id_str":"345561500","profile_image_url":"http://a0.twimg.com/profile_images/3035915849/ae09793883795b7d4e18fae6d33df9e2_normal.png","listed_count":0,"is_translator":false},"coordinates":null},{"contributors":null,"text":"Make your kms count with Nike +. Run  2,500 kms and help my foundation. Info here http://t.co/H8FX9u26  #nosotrascorremos","geo":null,"retweeted":false,"in_reply_to_screen_name":null,"possibly_sensitive":false,"truncated":false,"entities":{"urls":[{"expanded_url":"http://go.nike.com/5tniogq","indices":[82,102],"display_url":"go.nike.com/5tniogq","url":"http://t.co/H8FX9u26"}],"hashtags":[{"text":"nosotrascorremos","indices":[104,121]}],"user_mentions":[]},"in_reply_to_status_id_str":null,"id":303898468878012416,"source":"web","in_reply_to_user_id_str":null,"favorited":false,"in_reply_to_status_id":null,"retweet_count":38,"created_at":"Tue Feb 19 16:06:55 +0000 2013","in_reply_to_user_id":null,"id_str":"303898468878012416","place":null,"user":{"location":"Manacor","default_profile":false,"profile_background_tile":false,"statuses_count":914,"lang":"es","profile_link_color":"050505","id":344634424,"following":true,"protected":false,"favourites_count":15,"profile_text_color":"0A0A0A","description":"Tennis player. ","verified":true,"contributors_enabled":false,"profile_sidebar_border_color":"BFC5C7","name":"Rafa Nadal","profile_background_color":"C0DEED","created_at":"Fri Jul 29 10:44:02 +0000 2011","default_profile_image":false,"followers_count":3812915,"profile_image_url_https":"https://si0.twimg.com/profile_images/1475846482/Imagen_perfil_normal.jpg","geo_enabled":false,"profile_background_image_url":"http://a0.twimg.com/profile_background_images/366059888/twitter.jpg","profile_background_image_url_https":"https://si0.twimg.com/profile_background_images/366059888/twitter.jpg","follow_request_sent":null,"entities":{"description":{"urls":[]},"url":{"urls":[{"expanded_url":null,"indices":[0,27],"url":"http://www.rafaelnadal.com/"}]}},"url":"http://www.rafaelnadal.com/","utc_offset":-36000,"time_zone":"Hawaii","notifications":null,"profile_use_background_image":true,"friends_count":58,"profile_sidebar_fill_color":"7AC0D6","screen_name":"RafaelNadal","id_str":"344634424","profile_image_url":"http://a0.twimg.com/profile_images/1475846482/Imagen_perfil_normal.jpg","listed_count":14629,"is_translator":false},"coordinates":null},{"retweeted_status":{"contributors":null,"text":"GB Paralympians take part in Cardio Tennis . . http://t.co/FBHuydj4 @ParalympicsGB","geo":null,"retweeted":false,"in_reply_to_screen_name":null,"possibly_sensitive":false,"truncated":false,"entities":{"urls":[{"expanded_url":"http://goo.gl/n3YJR","indices":[47,67],"display_url":"goo.gl/n3YJR","url":"http://t.co/FBHuydj4"}],"hashtags":[],"user_mentions":[{"id":39997810,"name":"ParalympicsGB","indices":[68,82],"screen_name":"ParalympicsGB","id_str":"39997810"}]},"in_reply_to_status_id_str":null,"id":303898025124851712,"source":"<a href=\"http://www.tweetdeck.com\" rel=\"nofollow\">TweetDeck<\/a>","in_reply_to_user_id_str":null,"favorited":false,"in_reply_to_status_id":null,"retweet_count":1,"created_at":"Tue Feb 19 16:05:10 +0000 2013","in_reply_to_user_id":null,"id_str":"303898025124851712","place":null,"user":{"location":"London","default_profile":false,"profile_background_tile":true,"statuses_count":582,"lang":"en","profile_link_color":"1923E6","profile_banner_url":"https://si0.twimg.com/profile_banners/213983104/1358786853","id":213983104,"following":null,"protected":false,"favourites_count":0,"profile_text_color":"0511FC","description":"Cardio Tennis is a new, fun group activity on a tennis court, giving players of all abilities an ultimate, high energy workout.","verified":false,"contributors_enabled":false,"profile_sidebar_border_color":"FFFFFF","name":"CardioTennisUK","profile_background_color":"F7FCFB","created_at":"Wed Nov 10 08:02:18 +0000 2010","default_profile_image":false,"followers_count":1362,"profile_image_url_https":"https://si0.twimg.com/profile_images/3144146010/01c129c5eb5136e1ede0f0b0579b73f7_normal.jpeg","geo_enabled":false,"profile_background_image_url":"http://a0.twimg.com/profile_background_images/769567075/4772da8d631c7ad6dc44a98d6f657be1.jpeg","profile_background_image_url_https":"https://si0.twimg.com/profile_background_images/769567075/4772da8d631c7ad6dc44a98d6f657be1.jpeg","follow_request_sent":null,"entities":{"description":{"urls":[]},"url":{"urls":[{"expanded_url":"http://www.lta.org.uk/cardiotennis","indices":[0,20],"display_url":"lta.org.uk/cardiotennis","url":"http://t.co/SlOywTSv"}]}},"url":"http://t.co/SlOywTSv","utc_offset":null,"time_zone":null,"notifications":null,"profile_use_background_image":true,"friends_count":494,"profile_sidebar_fill_color":"EFEFEF","screen_name":"CardioTennis_UK","id_str":"213983104","profile_image_url":"http://a0.twimg.com/profile_images/3144146010/01c129c5eb5136e1ede0f0b0579b73f7_normal.jpeg","listed_count":15,"is_translator":false},"coordinates":null},"contributors":null,"text":"RT @CardioTennis_UK: GB Paralympians take part in Cardio Tennis . . http://t.co/FBHuydj4 @ParalympicsGB","geo":null,"retweeted":false,"in_reply_to_screen_name":null,"possibly_sensitive":false,"truncated":false,"entities":{"urls":[{"expanded_url":"http://goo.gl/n3YJR","indices":[68,88],"display_url":"goo.gl/n3YJR","url":"http://t.co/FBHuydj4"}],"hashtags":[],"user_mentions":[{"id":213983104,"name":"CardioTennisUK","indices":[3,19],"screen_name":"CardioTennis_UK","id_str":"213983104"},{"id":39997810,"name":"ParalympicsGB","indices":[89,103],"screen_name":"ParalympicsGB","id_str":"39997810"}]},"in_reply_to_status_id_str":null,"id":303898101431795713,"source":"<a href=\"http://www.tweetdeck.com\" rel=\"nofollow\">TweetDeck<\/a>","in_reply_to_user_id_str":null,"favorited":false,"in_reply_to_status_id":null,"retweet_count":1,"created_at":"Tue Feb 19 16:05:28 +0000 2013","in_reply_to_user_id":null,"id_str":"303898101431795713","place":null,"user":{"location":"Britain","default_profile":false,"profile_background_tile":false,"statuses_count":12864,"lang":"en","profile_link_color":"0084B4","profile_banner_url":"https://si0.twimg.com/profile_banners/41405468/1352298883","id":41405468,"following":true,"protected":false,"favourites_count":5,"profile_text_color":"333333","description":"British Tennis is the official twitter of the Lawn Tennis Association bringing you British tennis news & results plus general tennis info & daily updates.","verified":true,"contributors_enabled":false,"profile_sidebar_border_color":"FFFFFF","name":"British Tennis","profile_background_color":"9AE4E8","created_at":"Wed May 20 17:34:18 +0000 2009","default_profile_image":false,"followers_count":30475,"profile_image_url_https":"https://si0.twimg.com/profile_images/1679212777/LTA-Flag-device-2_normal.jpg","geo_enabled":false,"profile_background_image_url":"http://a0.twimg.com/profile_background_images/633058939/x7zdlffvg7jv1pnl4k3u.jpeg","profile_background_image_url_https":"https://si0.twimg.com/profile_background_images/633058939/x7zdlffvg7jv1pnl4k3u.jpeg","follow_request_sent":null,"entities":{"description":{"urls":[]},"url":{"urls":[{"expanded_url":null,"indices":[0,21],"url":"http://www.lta.org.uk"}]}},"url":"http://www.lta.org.uk","utc_offset":0,"time_zone":"London","notifications":null,"profile_use_background_image":true,"friends_count":366,"profile_sidebar_fill_color":"DDFFCC","screen_name":"BritishTennis","id_str":"41405468","profile_image_url":"http://a0.twimg.com/profile_images/1679212777/LTA-Flag-device-2_normal.jpg","listed_count":766,"is_translator":false},"coordinates":null},{"retweeted_status":{"contributors":null,"text":"Hey Tennis Fans! We are involved with LA Tennis Challenge. Come on out at see @BryanBros @MardyFish and more! http://t.co/l9zgZNbL","geo":null,"retweeted":false,"in_reply_to_screen_name":null,"possibly_sensitive":false,"truncated":false,"entities":{"urls":[{"expanded_url":"http://shout.lt/gmN7","indices":[110,130],"display_url":"shout.lt/gmN7","url":"http://t.co/l9zgZNbL"}],"hashtags":[],"user_mentions":[{"id":25441019,"name":"Bob Bryan","indices":[78,88],"screen_name":"Bryanbros","id_str":"25441019"},{"id":289888727,"name":"Mardy Fish","indices":[89,99],"screen_name":"MardyFish","id_str":"289888727"}]},"in_reply_to_status_id_str":null,"id":303882011272167426,"source":"<a href=\"http://www.shoutlet.com\" rel=\"nofollow\">Shoutlet API<\/a>","in_reply_to_user_id_str":null,"favorited":false,"in_reply_to_status_id":null,"retweet_count":1,"created_at":"Tue Feb 19 15:01:31 +0000 2013","in_reply_to_user_id":null,"id_str":"303882011272167426","place":null,"user":{"location":"Westlake Village, CA","default_profile":false,"profile_background_tile":true,"statuses_count":5000,"lang":"en","profile_link_color":"B4081C","id":21441131,"following":null,"protected":false,"favourites_count":2,"profile_text_color":"030202","description":"Official K\u2022SWISS Twitter direct from our employees, our athletes and you! For Performance content, check out @KSWISS_SPORT","verified":true,"contributors_enabled":true,"profile_sidebar_border_color":"FFFFFF","name":"K\u2022SWISS","profile_background_color":"000000","created_at":"Fri Feb 20 22:24:40 +0000 2009","default_profile_image":false,"followers_count":18033,"profile_image_url_https":"https://si0.twimg.com/profile_images/1485027836/TwitterKS_normal.png","geo_enabled":false,"profile_background_image_url":"http://a0.twimg.com/profile_background_images/767151611/42032469494905ca74d8ed67163b5405.jpeg","profile_background_image_url_https":"https://si0.twimg.com/profile_background_images/767151611/42032469494905ca74d8ed67163b5405.jpeg","follow_request_sent":null,"entities":{"description":{"urls":[]},"url":{"urls":[{"expanded_url":null,"indices":[0,17],"url":"http://KSWISS.com"}]}},"url":"http://KSWISS.com","utc_offset":-28800,"time_zone":"Pacific Time (US & Canada)","notifications":null,"profile_use_background_image":true,"friends_count":7783,"profile_sidebar_fill_color":"FFFFFF","screen_name":"KSWISS","id_str":"21441131","profile_image_url":"http://a0.twimg.com/profile_images/1485027836/TwitterKS_normal.png","listed_count":571,"is_translator":false},"coordinates":null},"contributors":null,"text":"RT @KSWISS: Hey Tennis Fans! We are involved with LA Tennis Challenge. Come on out at see @BryanBros @MardyFish and more! http://t.co/l9 ...","geo":null,"retweeted":false,"in_reply_to_screen_name":null,"truncated":false,"entities":{"urls":[],"hashtags":[],"user_mentions":[{"id":21441131,"name":"K\u2022SWISS","indices":[3,10],"screen_name":"KSWISS","id_str":"21441131"},{"id":25441019,"name":"Bob Bryan","indices":[90,100],"screen_name":"Bryanbros","id_str":"25441019"},{"id":289888727,"name":"Mardy Fish","indices":[101,111],"screen_name":"MardyFish","id_str":"289888727"}]},"in_reply_to_status_id_str":null,"id":303897756852965376,"source":"<a href=\"http://twitter.com/download/iphone\" rel=\"nofollow\">Twitter for iPhone<\/a>","in_reply_to_user_id_str":null,"favorited":false,"in_reply_to_status_id":null,"retweet_count":1,"created_at":"Tue Feb 19 16:04:06 +0000 2013","in_reply_to_user_id":null,"id_str":"303897756852965376","place":null,"user":{"location":"","default_profile":false,"profile_background_tile":false,"statuses_count":1102,"lang":"en","profile_link_color":"0084B4","id":289888727,"following":true,"protected":false,"favourites_count":0,"profile_text_color":"333333","description":"","verified":true,"contributors_enabled":false,"profile_sidebar_border_color":"FFFFFF","name":"Mardy Fish","profile_background_color":"000000","created_at":"Fri Apr 29 11:46:06 +0000 2011","default_profile_image":false,"followers_count":123109,"profile_image_url_https":"https://si0.twimg.com/profile_images/1332134245/A38C1E37F17B457A964E9A2BFE9D1E31.ashx_normal.jpeg","geo_enabled":false,"profile_background_image_url":"http://a0.twimg.com/profile_background_images/794989933/c84d50de556c1c2cf365cfca51e8b411.jpeg","profile_background_image_url_https":"https://si0.twimg.com/profile_background_images/794989933/c84d50de556c1c2cf365cfca51e8b411.jpeg","follow_request_sent":null,"entities":{"description":{"urls":[]},"url":{"urls":[{"expanded_url":null,"indices":[0,30],"url":"http://mardyfishfoundation.org"}]}},"url":"http://mardyfishfoundation.org","utc_offset":-10800,"time_zone":"Greenland","notifications":null,"profile_use_background_image":true,"friends_count":188,"profile_sidebar_fill_color":"DDEEF6","screen_name":"MardyFish","id_str":"289888727","profile_image_url":"http://a0.twimg.com/profile_images/1332134245/A38C1E37F17B457A964E9A2BFE9D1E31.ashx_normal.jpeg","listed_count":1822,"is_translator":false},"coordinates":null},{"contributors":null,"text":"Conviertan sus KM en ayuda con Nike Plus.Sumen 2,500  Kms y apoyen a mi fundación. Aquí las bases http://t.co/H8FX9u26  #nosotrascorremos","geo":null,"retweeted":false,"in_reply_to_screen_name":null,"possibly_sensitive":false,"truncated":false,"entities":{"urls":[{"expanded_url":"http://go.nike.com/5tniogq","indices":[98,118],"display_url":"go.nike.com/5tniogq","url":"http://t.co/H8FX9u26"}],"hashtags":[{"text":"nosotrascorremos","indices":[120,137]}],"user_mentions":[]},"in_reply_to_status_id_str":null,"id":303897724892372992,"source":"web","in_reply_to_user_id_str":null,"favorited":false,"in_reply_to_status_id":null,"retweet_count":51,"created_at":"Tue Feb 19 16:03:58 +0000 2013","in_reply_to_user_id":null,"id_str":"303897724892372992","place":null,"user":{"location":"Manacor","default_profile":false,"profile_background_tile":false,"statuses_count":914,"lang":"es","profile_link_color":"050505","id":344634424,"following":true,"protected":false,"favourites_count":15,"profile_text_color":"0A0A0A","description":"Tennis player. ","verified":true,"contributors_enabled":false,"profile_sidebar_border_color":"BFC5C7","name":"Rafa Nadal","profile_background_color":"C0DEED","created_at":"Fri Jul 29 10:44:02 +0000 2011","default_profile_image":false,"followers_count":3812915,"profile_image_url_https":"https://si0.twimg.com/profile_images/1475846482/Imagen_perfil_normal.jpg","geo_enabled":false,"profile_background_image_url":"http://a0.twimg.com/profile_background_images/366059888/twitter.jpg","profile_background_image_url_https":"https://si0.twimg.com/profile_background_images/366059888/twitter.jpg","follow_request_sent":null,"entities":{"description":{"urls":[]},"url":{"urls":[{"expanded_url":null,"indices":[0,27],"url":"http://www.rafaelnadal.com/"}]}},"url":"http://www.rafaelnadal.com/","utc_offset":-36000,"time_zone":"Hawaii","notifications":null,"profile_use_background_image":true,"friends_count":58,"profile_sidebar_fill_color":"7AC0D6","screen_name":"RafaelNadal","id_str":"344634424","profile_image_url":"http://a0.twimg.com/profile_images/1475846482/Imagen_perfil_normal.jpg","listed_count":14629,"is_translator":false},"coordinates":null},{"retweeted_status":{"contributors":null,"text":"For tennis fans, this is how you would feel if you were Roger Federer http://t.co/NMYQpwK9 @rolandgarros tour #travel #tennis #AmazingExp","geo":null,"retweeted":false,"in_reply_to_screen_name":null,"possibly_sensitive":false,"truncated":false,"entities":{"urls":[{"expanded_url":"http://youtu.be/3eTgdYylbag","indices":[70,90],"display_url":"youtu.be/3eTgdYylbag","url":"http://t.co/NMYQpwK9"}],"hashtags":[{"text":"travel","indices":[110,117]},{"text":"tennis","indices":[118,125]},{"text":"AmazingExp","indices":[126,137]}],"user_mentions":[{"id":42220353,"name":"Roland Garros","indices":[91,104],"screen_name":"rolandgarros","id_str":"42220353"}]},"in_reply_to_status_id_str":null,"id":303894795699511297,"source":"web","in_reply_to_user_id_str":null,"favorited":false,"in_reply_to_status_id":null,"retweet_count":10,"created_at":"Tue Feb 19 15:52:20 +0000 2013","in_reply_to_user_id":null,"id_str":"303894795699511297","place":null,"user":{"location":"Boston, Delhi, Istanbul","default_profile":false,"profile_background_tile":false,"statuses_count":726,"lang":"en","profile_link_color":"33B5CC","profile_banner_url":"https://si0.twimg.com/profile_banners/49486721/1349526507","id":49486721,"following":null,"protected":false,"favourites_count":74,"profile_text_color":"663B12","description":"MS IT 2005 @bentleyu,MS HFID @bentleyu,Design,UX,Lean,Agile,Software,Women in Biz/Tech,Entrepreneurship,Coffee,More Travel,Reading,Buddhist,Tennis,Dogs","verified":false,"contributors_enabled":false,"profile_sidebar_border_color":"FFFFFF","name":"Amrita C Aviyente","profile_background_color":"DBE9ED","created_at":"Mon Jun 22 01:01:07 +0000 2009","default_profile_image":false,"followers_count":264,"profile_image_url_https":"https://si0.twimg.com/profile_images/3212417623/e13fe30a1f95ef2f3f18823fffd4212d_normal.jpeg","geo_enabled":true,"profile_background_image_url":"http://a0.twimg.com/images/themes/theme17/bg.gif","profile_background_image_url_https":"https://si0.twimg.com/images/themes/theme17/bg.gif","follow_request_sent":null,"entities":{"description":{"urls":[]},"url":{"urls":[{"expanded_url":null,"indices":[0,25],"url":"http://amritaaviyente.com"}]}},"url":"http://amritaaviyente.com","utc_offset":-18000,"time_zone":"Quito","notifications":null,"profile_use_background_image":true,"friends_count":1622,"profile_sidebar_fill_color":"DAECF4","screen_name":"AllThingsAmrita","id_str":"49486721","profile_image_url":"http://a0.twimg.com/profile_images/3212417623/e13fe30a1f95ef2f3f18823fffd4212d_normal.jpeg","listed_count":2,"is_translator":false},"coordinates":null},"contributors":null,"text":"RT @AllThingsAmrita: For tennis fans, this is how you would feel if you were Roger Federer http://t.co/NMYQpwK9 @rolandgarros tour #trav ...","geo":null,"retweeted":false,"in_reply_to_screen_name":null,"possibly_sensitive":false,"truncated":false,"entities":{"urls":[{"expanded_url":"http://youtu.be/3eTgdYylbag","indices":[91,111],"display_url":"youtu.be/3eTgdYylbag","url":"http://t.co/NMYQpwK9"}],"hashtags":[{"text":"trav","indices":[131,136]}],"user_mentions":[{"id":49486721,"name":"Amrita C Aviyente","indices":[3,19],"screen_name":"AllThingsAmrita","id_str":"49486721"},{"id":42220353,"name":"Roland Garros","indices":[112,125],"screen_name":"rolandgarros","id_str":"42220353"}]},"in_reply_to_status_id_str":null,"id":303897368288436224,"source":"<a href=\"http://www.tweetdeck.com\" rel=\"nofollow\">TweetDeck<\/a>","in_reply_to_user_id_str":null,"favorited":false,"in_reply_to_status_id":null,"retweet_count":10,"created_at":"Tue Feb 19 16:02:33 +0000 2013","in_reply_to_user_id":null,"id_str":"303897368288436224","place":null,"user":{"location":"Paris","default_profile":false,"profile_background_tile":false,"statuses_count":10042,"lang":"en","profile_link_color":"0F480F","profile_banner_url":"https://si0.twimg.com/profile_banners/42220353/1355308155","id":42220353,"following":true,"protected":false,"favourites_count":5,"profile_text_color":"333333","description":"Roland Garros  / French Open  /  Internationaux de France  /     \r\n\r\nRoland Garros 2013 : From May 21st to June 9th. #RG13","verified":true,"contributors_enabled":false,"profile_sidebar_border_color":"BDDCAD","name":"Roland Garros","profile_background_color":"FFFFFF","created_at":"Sun May 24 14:37:20 +0000 2009","default_profile_image":false,"followers_count":196167,"profile_image_url_https":"https://si0.twimg.com/profile_images/228211699/RG_log_inst_cou_Q_normal.jpg","geo_enabled":false,"profile_background_image_url":"http://a0.twimg.com/profile_background_images/119943725/empreinte.jpg","profile_background_image_url_https":"https://si0.twimg.com/profile_background_images/119943725/empreinte.jpg","follow_request_sent":null,"entities":{"description":{"urls":[]},"url":{"urls":[{"expanded_url":null,"indices":[0,27],"url":"http://www.rolandgarros.com"}]}},"url":"http://www.rolandgarros.com","utc_offset":-10800,"time_zone":"Greenland","notifications":null,"profile_use_background_image":true,"friends_count":206,"profile_sidebar_fill_color":"DDFFCC","screen_name":"rolandgarros","id_str":"42220353","profile_image_url":"http://a0.twimg.com/profile_images/228211699/RG_log_inst_cou_Q_normal.jpg","listed_count":4192,"is_translator":false},"coordinates":null},{"contributors":null,"text":"Sports Logo Silhouettes: http://t.co/pDdpNd0C","geo":null,"retweeted":false,"in_reply_to_screen_name":null,"possibly_sensitive":false,"truncated":false,"entities":{"urls":[{"expanded_url":"http://bit.ly/Wq6WSO","indices":[25,45],"display_url":"bit.ly/Wq6WSO","url":"http://t.co/pDdpNd0C"}],"hashtags":[],"user_mentions":[]},"in_reply_to_status_id_str":null,"id":303896793144508418,"source":"<a href=\"http://www.sporcle.com\" rel=\"nofollow\">Sporcle<\/a>","in_reply_to_user_id_str":null,"favorited":false,"in_reply_to_status_id":null,"retweet_count":0,"created_at":"Tue Feb 19 16:00:16 +0000 2013","in_reply_to_user_id":null,"id_str":"303896793144508418","place":null,"user":{"location":"Seattle, WA","default_profile":false,"profile_background_tile":true,"statuses_count":9984,"lang":"en","profile_link_color":"DD5410","profile_banner_url":"https://si0.twimg.com/profile_banners/14334625/1350413634","id":14334625,"following":true,"protected":false,"favourites_count":11,"profile_text_color":"4D3009","description":"Mentally Stimulating Diversions","verified":false,"contributors_enabled":false,"profile_sidebar_border_color":"000000","name":"sporcle","profile_background_color":"F3B034","created_at":"Tue Apr 08 18:17:36 +0000 2008","default_profile_image":false,"followers_count":12564,"profile_image_url_https":"https://si0.twimg.com/profile_images/1628007980/iOSicon_normal.png","geo_enabled":false,"profile_background_image_url":"http://a0.twimg.com/profile_background_images/256011844/Twitter-BGD-05.png","profile_background_image_url_https":"https://si0.twimg.com/profile_background_images/256011844/Twitter-BGD-05.png","follow_request_sent":null,"entities":{"description":{"urls":[]},"url":{"urls":[{"expanded_url":null,"indices":[0,22],"url":"http://www.sporcle.com"}]}},"url":"http://www.sporcle.com","utc_offset":-28800,"time_zone":"Pacific Time (US & Canada)","notifications":null,"profile_use_background_image":true,"friends_count":10632,"profile_sidebar_fill_color":"FBE9C9","screen_name":"sporcle","id_str":"14334625","profile_image_url":"http://a0.twimg.com/profile_images/1628007980/iOSicon_normal.png","listed_count":296,"is_translator":false},"coordinates":null},{"retweeted_status":{"contributors":null,"text":"So fucking tired now #help #snoringinclass","geo":null,"retweeted":false,"in_reply_to_screen_name":null,"truncated":false,"entities":{"urls":[],"hashtags":[{"text":"help","indices":[21,26]},{"text":"snoringinclass","indices":[27,42]}],"user_mentions":[]},"in_reply_to_status_id_str":null,"id":303885988122480641,"source":"<a href=\"http://twitter.com/download/iphone\" rel=\"nofollow\">Twitter for iPhone<\/a>","in_reply_to_user_id_str":null,"favorited":false,"in_reply_to_status_id":null,"retweet_count":1,"created_at":"Tue Feb 19 15:17:20 +0000 2013","in_reply_to_user_id":null,"id_str":"303885988122480641","place":null,"user":{"location":"Allentown PA","default_profile":true,"profile_background_tile":false,"statuses_count":1407,"lang":"en","profile_link_color":"0084B4","id":441370740,"following":null,"protected":false,"favourites_count":146,"profile_text_color":"333333","description":"","verified":false,"contributors_enabled":false,"profile_sidebar_border_color":"C0DEED","name":"Sean Buecker","profile_background_color":"C0DEED","created_at":"Tue Dec 20 01:16:03 +0000 2011","default_profile_image":false,"followers_count":131,"profile_image_url_https":"https://si0.twimg.com/profile_images/3159455076/311646f9367c68f2093a19f62b727f4d_normal.jpeg","geo_enabled":false,"profile_background_image_url":"http://a0.twimg.com/images/themes/theme1/bg.png","profile_background_image_url_https":"https://si0.twimg.com/images/themes/theme1/bg.png","follow_request_sent":null,"entities":{"description":{"urls":[]}},"url":null,"utc_offset":-18000,"time_zone":"Eastern Time (US & Canada)","notifications":null,"profile_use_background_image":true,"friends_count":278,"profile_sidebar_fill_color":"DDEEF6","screen_name":"SeanBuecker","id_str":"441370740","profile_image_url":"http://a0.twimg.com/profile_images/3159455076/311646f9367c68f2093a19f62b727f4d_normal.jpeg","listed_count":0,"is_translator":false},"coordinates":null},"contributors":null,"text":"RT @SeanBuecker: So fucking tired now #help #snoringinclass","geo":null,"retweeted":false,"in_reply_to_screen_name":null,"truncated":false,"entities":{"urls":[],"hashtags":[{"text":"help","indices":[38,43]},{"text":"snoringinclass","indices":[44,59]}],"user_mentions":[{"id":441370740,"name":"Sean Buecker","indices":[3,15],"screen_name":"SeanBuecker","id_str":"441370740"}]},"in_reply_to_status_id_str":null,"id":303896229866270721,"source":"<a href=\"http://twitter.com/download/iphone\" rel=\"nofollow\">Twitter for iPhone<\/a>","in_reply_to_user_id_str":null,"favorited":false,"in_reply_to_status_id":null,"retweet_count":1,"created_at":"Tue Feb 19 15:58:01 +0000 2013","in_reply_to_user_id":null,"id_str":"303896229866270721","place":null,"user":{"location":"","default_profile":false,"profile_background_tile":true,"statuses_count":2583,"lang":"en","profile_link_color":"B40B43","id":110807973,"following":true,"protected":false,"favourites_count":1216,"profile_text_color":"362720","description":"","verified":false,"contributors_enabled":false,"profile_sidebar_border_color":"CC3366","name":"Ali Elliott","profile_background_color":"FF6699","created_at":"Tue Feb 02 21:06:37 +0000 2010","default_profile_image":false,"followers_count":191,"profile_image_url_https":"https://si0.twimg.com/profile_images/2243356886/image_normal.jpg","geo_enabled":false,"profile_background_image_url":"http://a0.twimg.com/profile_background_images/223099173/Spongebob-spongebob-squarepants-1uncenssored.jpg","profile_background_image_url_https":"https://si0.twimg.com/profile_background_images/223099173/Spongebob-spongebob-squarepants-1uncenssored.jpg","follow_request_sent":null,"entities":{"description":{"urls":[]}},"url":null,"utc_offset":-18000,"time_zone":"Quito","notifications":null,"profile_use_background_image":true,"friends_count":181,"profile_sidebar_fill_color":"E5507E","screen_name":"aliboo194","id_str":"110807973","profile_image_url":"http://a0.twimg.com/profile_images/2243356886/image_normal.jpg","listed_count":0,"is_translator":false},"coordinates":null},{"contributors":null,"text":"President Obama is speaking now about the possibility of forced spending cuts. Watch live on @CNN TV or http://t.co/OHYQ43cA.","geo":null,"retweeted":false,"in_reply_to_screen_name":null,"possibly_sensitive":false,"truncated":false,"entities":{"urls":[{"expanded_url":"http://CNN.com/Live","indices":[104,124],"display_url":"CNN.com/Live","url":"http://t.co/OHYQ43cA"}],"hashtags":[],"user_mentions":[{"id":759251,"name":"CNN","indices":[93,97],"screen_name":"CNN","id_str":"759251"}]},"in_reply_to_status_id_str":null,"id":303894273953239040,"source":"web","in_reply_to_user_id_str":null,"favorited":false,"in_reply_to_status_id":null,"retweet_count":91,"created_at":"Tue Feb 19 15:50:15 +0000 2013","in_reply_to_user_id":null,"id_str":"303894273953239040","place":null,"user":{"location":"","default_profile":false,"profile_background_tile":false,"statuses_count":30494,"lang":"en","profile_link_color":"004287","profile_banner_url":"https://si0.twimg.com/profile_banners/759251/1355865514","id":759251,"following":true,"protected":false,"favourites_count":0,"profile_text_color":"000000","description":"Bringing you breaking news, the biggest moments from CNN TV, and the stories and videos gaining attention on http://t.co/3oNgOUKv and social media.","verified":true,"contributors_enabled":true,"profile_sidebar_border_color":"000000","name":"CNN","profile_background_color":"323232","created_at":"Fri Feb 09 00:35:02 +0000 2007","default_profile_image":false,"followers_count":7469280,"profile_image_url_https":"https://si0.twimg.com/profile_images/67228129/icon.cnn_normal.png","geo_enabled":false,"profile_background_image_url":"http://a0.twimg.com/profile_background_images/664730338/60cc7d1f1b1a22a87ccccef026e15949.gif","profile_background_image_url_https":"https://si0.twimg.com/profile_background_images/664730338/60cc7d1f1b1a22a87ccccef026e15949.gif","follow_request_sent":null,"entities":{"description":{"urls":[{"expanded_url":"http://CNN.com","indices":[109,129],"display_url":"CNN.com","url":"http://t.co/3oNgOUKv"}]},"url":{"urls":[{"expanded_url":null,"indices":[0,18],"url":"http://www.cnn.com"}]}},"url":"http://www.cnn.com","utc_offset":-18000,"time_zone":"Eastern Time (US & Canada)","notifications":null,"profile_use_background_image":true,"friends_count":734,"profile_sidebar_fill_color":"EEEEEE","screen_name":"CNN","id_str":"759251","profile_image_url":"http://a0.twimg.com/profile_images/67228129/icon.cnn_normal.png","listed_count":77810,"is_translator":false},"coordinates":null},{"contributors":null,"text":"Rafael Nadal's Newest Piece Of Equipment Is A $690000 Watch http://t.co/S3OjHMcW","geo":null,"retweeted":false,"in_reply_to_screen_name":null,"possibly_sensitive":false,"truncated":false,"entities":{"urls":[{"expanded_url":"http://sns.mx/uznoy6","indices":[60,80],"display_url":"sns.mx/uznoy6","url":"http://t.co/S3OjHMcW"}],"hashtags":[],"user_mentions":[]},"in_reply_to_status_id_str":null,"id":303894146442211328,"source":"<a href=\"http://www.snsanalytics.com\" rel=\"nofollow\">SNS Analytics<\/a>","in_reply_to_user_id_str":null,"favorited":false,"in_reply_to_status_id":null,"retweet_count":0,"created_at":"Tue Feb 19 15:49:45 +0000 2013","in_reply_to_user_id":null,"id_str":"303894146442211328","place":null,"user":{"location":"San Francisco","default_profile":false,"profile_background_tile":false,"statuses_count":18103,"lang":"en","profile_link_color":"B712E0","id":196175072,"following":true,"protected":false,"favourites_count":0,"profile_text_color":"030303","description":"This account is not affiliated with Rafael Nadal.","verified":false,"contributors_enabled":false,"profile_sidebar_border_color":"E078E6","name":"Rafael Nadal","profile_background_color":"050505","created_at":"Tue Sep 28 14:22:34 +0000 2010","default_profile_image":false,"followers_count":8533,"profile_image_url_https":"https://si0.twimg.com/profile_images/1158649445/Rafael_Nadal_normal.jpg","geo_enabled":false,"profile_background_image_url":"http://a0.twimg.com/profile_background_images/167925948/Rafael-Nadal-1-1152x864.jpg","profile_background_image_url_https":"https://si0.twimg.com/profile_background_images/167925948/Rafael-Nadal-1-1152x864.jpg","follow_request_sent":null,"entities":{"description":{"urls":[]}},"url":null,"utc_offset":-28800,"time_zone":"Pacific Time (US & Canada)","notifications":null,"profile_use_background_image":true,"friends_count":2132,"profile_sidebar_fill_color":"EDBBF0","screen_name":"NadalUpdate","id_str":"196175072","profile_image_url":"http://a0.twimg.com/profile_images/1158649445/Rafael_Nadal_normal.jpg","listed_count":75,"is_translator":false},"coordinates":null},{"contributors":null,"text":"WELL TO THAT, I SAY YOU'RE A...","geo":null,"retweeted":false,"in_reply_to_screen_name":null,"truncated":false,"entities":{"urls":[],"hashtags":[],"user_mentions":[]},"in_reply_to_status_id_str":null,"id":303893585219174401,"source":"<a href=\"http://twitter.com/download/iphone\" rel=\"nofollow\">Twitter for iPhone<\/a>","in_reply_to_user_id_str":null,"favorited":false,"in_reply_to_status_id":null,"retweet_count":329,"created_at":"Tue Feb 19 15:47:31 +0000 2013","in_reply_to_user_id":null,"id_str":"303893585219174401","place":null,"user":{"location":"the steel city","default_profile":false,"profile_background_tile":false,"statuses_count":1225,"lang":"en","profile_link_color":"0084B4","id":174540176,"following":true,"protected":false,"favourites_count":2,"profile_text_color":"333333","description":"traveling northen gypsy \n\nRaised By Raptors First Edition avaliable now for pre-orders now @ http://t.co/ulh16Nki","verified":true,"contributors_enabled":false,"profile_sidebar_border_color":"FFFFFF","name":"oliver sykes","profile_background_color":"C0DEED","created_at":"Wed Aug 04 04:58:08 +0000 2010","default_profile_image":false,"followers_count":230915,"profile_image_url_https":"https://si0.twimg.com/profile_images/3120850681/e32f42e37d7925abc438e2aa6e311694_normal.jpeg","geo_enabled":false,"profile_background_image_url":"http://a0.twimg.com/profile_background_images/346766860/2.jpg","profile_background_image_url_https":"https://si0.twimg.com/profile_background_images/346766860/2.jpg","follow_request_sent":null,"entities":{"description":{"urls":[{"expanded_url":"http://kck.st/VCGdnL","indices":[93,113],"display_url":"kck.st/VCGdnL","url":"http://t.co/ulh16Nki"}]},"url":{"urls":[{"expanded_url":null,"indices":[0,29],"url":"http://www.iheartdropdead.com"}]}},"url":"http://www.iheartdropdead.com","utc_offset":null,"time_zone":null,"notifications":null,"profile_use_background_image":false,"friends_count":42,"profile_sidebar_fill_color":"DDEEF6","screen_name":"olobersyko","id_str":"174540176","profile_image_url":"http://a0.twimg.com/profile_images/3120850681/e32f42e37d7925abc438e2aa6e311694_normal.jpeg","listed_count":1217,"is_translator":false},"coordinates":null},{"contributors":null,"text":"YOU CAN SAY I'M JUST A FOOL THAT STANDS FOR NOTHING","geo":null,"retweeted":false,"in_reply_to_screen_name":null,"truncated":false,"entities":{"urls":[],"hashtags":[],"user_mentions":[]},"in_reply_to_status_id_str":null,"id":303892100641067008,"source":"<a href=\"http://twitter.com/download/iphone\" rel=\"nofollow\">Twitter for iPhone<\/a>","in_reply_to_user_id_str":null,"favorited":false,"in_reply_to_status_id":null,"retweet_count":678,"created_at":"Tue Feb 19 15:41:37 +0000 2013","in_reply_to_user_id":null,"id_str":"303892100641067008","place":null,"user":{"location":"the steel city","default_profile":false,"profile_background_tile":false,"statuses_count":1225,"lang":"en","profile_link_color":"0084B4","id":174540176,"following":true,"protected":false,"favourites_count":2,"profile_text_color":"333333","description":"traveling northen gypsy \n\nRaised By Raptors First Edition avaliable now for pre-orders now @ http://t.co/ulh16Nki","verified":true,"contributors_enabled":false,"profile_sidebar_border_color":"FFFFFF","name":"oliver sykes","profile_background_color":"C0DEED","created_at":"Wed Aug 04 04:58:08 +0000 2010","default_profile_image":false,"followers_count":230915,"profile_image_url_https":"https://si0.twimg.com/profile_images/3120850681/e32f42e37d7925abc438e2aa6e311694_normal.jpeg","geo_enabled":false,"profile_background_image_url":"http://a0.twimg.com/profile_background_images/346766860/2.jpg","profile_background_image_url_https":"https://si0.twimg.com/profile_background_images/346766860/2.jpg","follow_request_sent":null,"entities":{"description":{"urls":[{"expanded_url":"http://kck.st/VCGdnL","indices":[93,113],"display_url":"kck.st/VCGdnL","url":"http://t.co/ulh16Nki"}]},"url":{"urls":[{"expanded_url":null,"indices":[0,29],"url":"http://www.iheartdropdead.com"}]}},"url":"http://www.iheartdropdead.com","utc_offset":null,"time_zone":null,"notifications":null,"profile_use_background_image":false,"friends_count":42,"profile_sidebar_fill_color":"DDEEF6","screen_name":"olobersyko","id_str":"174540176","profile_image_url":"http://a0.twimg.com/profile_images/3120850681/e32f42e37d7925abc438e2aa6e311694_normal.jpeg","listed_count":1217,"is_translator":false},"coordinates":null},{"contributors":null,"text":"NO WAR WITHOUT BLOOD","geo":null,"retweeted":false,"in_reply_to_screen_name":null,"truncated":false,"entities":{"urls":[],"hashtags":[],"user_mentions":[]},"in_reply_to_status_id_str":null,"id":303891357154557952,"source":"<a href=\"http://twitter.com/download/iphone\" rel=\"nofollow\">Twitter for iPhone<\/a>","in_reply_to_user_id_str":null,"favorited":false,"in_reply_to_status_id":null,"retweet_count":751,"created_at":"Tue Feb 19 15:38:40 +0000 2013","in_reply_to_user_id":null,"id_str":"303891357154557952","place":null,"user":{"location":"the steel city","default_profile":false,"profile_background_tile":false,"statuses_count":1225,"lang":"en","profile_link_color":"0084B4","id":174540176,"following":true,"protected":false,"favourites_count":2,"profile_text_color":"333333","description":"traveling northen gypsy \n\nRaised By Raptors First Edition avaliable now for pre-orders now @ http://t.co/ulh16Nki","verified":true,"contributors_enabled":false,"profile_sidebar_border_color":"FFFFFF","name":"oliver sykes","profile_background_color":"C0DEED","created_at":"Wed Aug 04 04:58:08 +0000 2010","default_profile_image":false,"followers_count":230915,"profile_image_url_https":"https://si0.twimg.com/profile_images/3120850681/e32f42e37d7925abc438e2aa6e311694_normal.jpeg","geo_enabled":false,"profile_background_image_url":"http://a0.twimg.com/profile_background_images/346766860/2.jpg","profile_background_image_url_https":"https://si0.twimg.com/profile_background_images/346766860/2.jpg","follow_request_sent":null,"entities":{"description":{"urls":[{"expanded_url":"http://kck.st/VCGdnL","indices":[93,113],"display_url":"kck.st/VCGdnL","url":"http://t.co/ulh16Nki"}]},"url":{"urls":[{"expanded_url":null,"indices":[0,29],"url":"http://www.iheartdropdead.com"}]}},"url":"http://www.iheartdropdead.com","utc_offset":null,"time_zone":null,"notifications":null,"profile_use_background_image":false,"friends_count":42,"profile_sidebar_fill_color":"DDEEF6","screen_name":"olobersyko","id_str":"174540176","profile_image_url":"http://a0.twimg.com/profile_images/3120850681/e32f42e37d7925abc438e2aa6e311694_normal.jpeg","listed_count":1217,"is_translator":false},"coordinates":null},{"retweeted_status":{"contributors":null,"text":"Shout out to my friends in @bmthofficial  lets get #ANTIVIST trending.","geo":null,"retweeted":false,"in_reply_to_screen_name":null,"truncated":false,"entities":{"urls":[],"hashtags":[{"text":"ANTIVIST","indices":[51,60]}],"user_mentions":[{"id":23748448,"name":"Bring Me The Horizon","indices":[27,40],"screen_name":"bmthofficial","id_str":"23748448"}]},"in_reply_to_status_id_str":null,"id":303871039715299328,"source":"<a href=\"http://twitter.com/download/iphone\" rel=\"nofollow\">Twitter for iPhone<\/a>","in_reply_to_user_id_str":null,"favorited":false,"in_reply_to_status_id":null,"retweet_count":535,"created_at":"Tue Feb 19 14:17:56 +0000 2013","in_reply_to_user_id":null,"id_str":"303871039715299328","place":null,"user":{"location":"Somewhere ","default_profile":false,"profile_background_tile":true,"statuses_count":16966,"lang":"en","profile_link_color":"0084B4","id":41110545,"following":null,"protected":false,"favourites_count":6,"profile_text_color":"333333","description":"Hello, I'm Josh Franceschi. Sing in You Me At Six and run a clothing company called Down But Not Out and this is my blog http://bricksatmywindow.tumblr.com/","verified":true,"contributors_enabled":false,"profile_sidebar_border_color":"C0DEED","name":"Josh Franceschi","profile_background_color":"C0DEED","created_at":"Tue May 19 13:04:39 +0000 2009","default_profile_image":false,"followers_count":242900,"profile_image_url_https":"https://si0.twimg.com/profile_images/2615767780/image_normal.jpg","geo_enabled":false,"profile_background_image_url":"http://a0.twimg.com/images/themes/theme1/bg.png","profile_background_image_url_https":"https://si0.twimg.com/images/themes/theme1/bg.png","follow_request_sent":null,"entities":{"description":{"urls":[]},"url":{"urls":[{"expanded_url":null,"indices":[0,39],"url":"http://www.downbutnotoutproductions.com"}]}},"url":"http://www.downbutnotoutproductions.com","utc_offset":null,"time_zone":null,"notifications":null,"profile_use_background_image":true,"friends_count":525,"profile_sidebar_fill_color":"DDEEF6","screen_name":"joshmeatsix","id_str":"41110545","profile_image_url":"http://a0.twimg.com/profile_images/2615767780/image_normal.jpg","listed_count":1974,"is_translator":false},"coordinates":null},"contributors":null,"text":"RT @joshmeatsix: Shout out to my friends in @bmthofficial  lets get #ANTIVIST trending.","geo":null,"retweeted":false,"in_reply_to_screen_name":null,"truncated":false,"entities":{"urls":[],"hashtags":[{"text":"ANTIVIST","indices":[68,77]}],"user_mentions":[{"id":41110545,"name":"Josh Franceschi","indices":[3,15],"screen_name":"joshmeatsix","id_str":"41110545"},{"id":23748448,"name":"Bring Me The Horizon","indices":[44,57],"screen_name":"bmthofficial","id_str":"23748448"}]},"in_reply_to_status_id_str":null,"id":303890919231467520,"source":"<a href=\"http://twitter.com/download/iphone\" rel=\"nofollow\">Twitter for iPhone<\/a>","in_reply_to_user_id_str":null,"favorited":false,"in_reply_to_status_id":null,"retweet_count":535,"created_at":"Tue Feb 19 15:36:55 +0000 2013","in_reply_to_user_id":null,"id_str":"303890919231467520","place":null,"user":{"location":"the steel city","default_profile":false,"profile_background_tile":false,"statuses_count":1225,"lang":"en","profile_link_color":"0084B4","id":174540176,"following":true,"protected":false,"favourites_count":2,"profile_text_color":"333333","description":"traveling northen gypsy \n\nRaised By Raptors First Edition avaliable now for pre-orders now @ http://t.co/ulh16Nki","verified":true,"contributors_enabled":false,"profile_sidebar_border_color":"FFFFFF","name":"oliver sykes","profile_background_color":"C0DEED","created_at":"Wed Aug 04 04:58:08 +0000 2010","default_profile_image":false,"followers_count":230915,"profile_image_url_https":"https://si0.twimg.com/profile_images/3120850681/e32f42e37d7925abc438e2aa6e311694_normal.jpeg","geo_enabled":false,"profile_background_image_url":"http://a0.twimg.com/profile_background_images/346766860/2.jpg","profile_background_image_url_https":"https://si0.twimg.com/profile_background_images/346766860/2.jpg","follow_request_sent":null,"entities":{"description":{"urls":[{"expanded_url":"http://kck.st/VCGdnL","indices":[93,113],"display_url":"kck.st/VCGdnL","url":"http://t.co/ulh16Nki"}]},"url":{"urls":[{"expanded_url":null,"indices":[0,29],"url":"http://www.iheartdropdead.com"}]}},"url":"http://www.iheartdropdead.com","utc_offset":null,"time_zone":null,"notifications":null,"profile_use_background_image":false,"friends_count":42,"profile_sidebar_fill_color":"DDEEF6","screen_name":"olobersyko","id_str":"174540176","profile_image_url":"http://a0.twimg.com/profile_images/3120850681/e32f42e37d7925abc438e2aa6e311694_normal.jpeg","listed_count":1217,"is_translator":false},"coordinates":null},{"retweeted_status":{"contributors":null,"text":"Canada to return to #UBC in Vancouver for #DavisCup quarter-finals vs Italy. Tickets go on-sale March 6 http://t.co/ULPAWYyX #CdnTennis","geo":null,"retweeted":false,"in_reply_to_screen_name":null,"possibly_sensitive":false,"truncated":false,"entities":{"urls":[{"expanded_url":"http://tinyurl.com/b9r6h5g","indices":[104,124],"display_url":"tinyurl.com/b9r6h5g","url":"http://t.co/ULPAWYyX"}],"hashtags":[{"text":"UBC","indices":[20,24]},{"text":"DavisCup","indices":[42,51]},{"text":"CdnTennis","indices":[125,135]}],"user_mentions":[]},"in_reply_to_status_id_str":null,"id":303882678795640833,"source":"web","in_reply_to_user_id_str":null,"favorited":false,"in_reply_to_status_id":null,"retweet_count":24,"created_at":"Tue Feb 19 15:04:11 +0000 2013","in_reply_to_user_id":null,"id_str":"303882678795640833","place":null,"user":{"location":"All of Canada","default_profile":false,"profile_background_tile":true,"statuses_count":9906,"lang":"en","profile_link_color":"284C21","profile_banner_url":"https://si0.twimg.com/profile_banners/22178135/1349381802","id":22178135,"following":null,"protected":false,"favourites_count":126,"profile_text_color":"444444","description":"Canada's National Governing body for tennis. #CdnTennis","verified":false,"contributors_enabled":false,"profile_sidebar_border_color":"FFFFFF","name":"Tennis Canada","profile_background_color":"252525","created_at":"Fri Feb 27 19:28:23 +0000 2009","default_profile_image":false,"followers_count":10209,"profile_image_url_https":"https://si0.twimg.com/profile_images/2778427099/bda98ebfcebdc06ddeaf3ed98623098a_normal.jpeg","geo_enabled":false,"profile_background_image_url":"http://a0.twimg.com/profile_background_images/132972748/Twitter_Background.jpg","profile_background_image_url_https":"https://si0.twimg.com/profile_background_images/132972748/Twitter_Background.jpg","follow_request_sent":null,"entities":{"description":{"urls":[]},"url":{"urls":[{"expanded_url":null,"indices":[0,27],"url":"http://www.tenniscanada.com"}]}},"url":"http://www.tenniscanada.com","utc_offset":-18000,"time_zone":"Eastern Time (US & Canada)","notifications":null,"profile_use_background_image":true,"friends_count":421,"profile_sidebar_fill_color":"FFFFFF","screen_name":"Tennis_Canada","id_str":"22178135","profile_image_url":"http://a0.twimg.com/profile_images/2778427099/bda98ebfcebdc06ddeaf3ed98623098a_normal.jpeg","listed_count":309,"is_translator":false},"coordinates":null},"contributors":null,"text":"RT @Tennis_Canada: Canada to return to #UBC in Vancouver for #DavisCup quarter-finals vs Italy. Tickets go on-sale March 6 http://t.co/U ...","geo":null,"retweeted":false,"in_reply_to_screen_name":null,"truncated":false,"entities":{"urls":[],"hashtags":[{"text":"UBC","indices":[39,43]},{"text":"DavisCup","indices":[61,70]}],"user_mentions":[{"id":22178135,"name":"Tennis Canada","indices":[3,17],"screen_name":"Tennis_Canada","id_str":"22178135"}]},"in_reply_to_status_id_str":null,"id":303890447368065026,"source":"<a href=\"http://www.tweetdeck.com\" rel=\"nofollow\">TweetDeck<\/a>","in_reply_to_user_id_str":null,"favorited":false,"in_reply_to_status_id":null,"retweet_count":24,"created_at":"Tue Feb 19 15:35:03 +0000 2013","in_reply_to_user_id":null,"id_str":"303890447368065026","place":null,"user":{"location":"","default_profile":false,"profile_background_tile":true,"statuses_count":6674,"lang":"en","profile_link_color":"0099B9","id":82831947,"following":true,"protected":false,"favourites_count":16,"profile_text_color":"3C3940","description":"The Official Twitter of Davis Cup by BNP Paribas. News, quotes, blogs, photos and more... you'll see it all here first!","verified":false,"contributors_enabled":false,"profile_sidebar_border_color":"E4F7ED","name":"Davis Cup","profile_background_color":"007A55","created_at":"Fri Oct 16 08:30:55 +0000 2009","default_profile_image":false,"followers_count":49545,"profile_image_url_https":"https://si0.twimg.com/profile_images/474136111/Davis-Cup-Twitter_normal.gif","geo_enabled":false,"profile_background_image_url":"http://a0.twimg.com/profile_background_images/228386081/Davis-Cup-Event_Eng_Lands_M.jpg","profile_background_image_url_https":"https://si0.twimg.com/profile_background_images/228386081/Davis-Cup-Event_Eng_Lands_M.jpg","follow_request_sent":null,"entities":{"description":{"urls":[]},"url":{"urls":[{"expanded_url":null,"indices":[0,23],"url":"http://www.daviscup.com"}]}},"url":"http://www.daviscup.com","utc_offset":null,"time_zone":null,"notifications":null,"profile_use_background_image":true,"friends_count":285,"profile_sidebar_fill_color":"E4F7ED","screen_name":"DavisCup","id_str":"82831947","profile_image_url":"http://a0.twimg.com/profile_images/474136111/Davis-Cup-Twitter_normal.gif","listed_count":1508,"is_translator":false},"coordinates":null},{"contributors":null,"text":"Roger Federer and Rafael Nadal, together again -- and just in time http://t.co/LfOZdnHe","geo":null,"retweeted":false,"in_reply_to_screen_name":null,"possibly_sensitive":false,"truncated":false,"entities":{"urls":[{"expanded_url":"http://sns.mx/uznoy7","indices":[67,87],"display_url":"sns.mx/uznoy7","url":"http://t.co/LfOZdnHe"}],"hashtags":[],"user_mentions":[]},"in_reply_to_status_id_str":null,"id":303890253394104321,"source":"<a href=\"http://www.snsanalytics.com\" rel=\"nofollow\">SNS Analytics<\/a>","in_reply_to_user_id_str":null,"favorited":false,"in_reply_to_status_id":null,"retweet_count":0,"created_at":"Tue Feb 19 15:34:17 +0000 2013","in_reply_to_user_id":null,"id_str":"303890253394104321","place":null,"user":{"location":"San Francisco","default_profile":false,"profile_background_tile":false,"statuses_count":18103,"lang":"en","profile_link_color":"B712E0","id":196175072,"following":true,"protected":false,"favourites_count":0,"profile_text_color":"030303","description":"This account is not affiliated with Rafael Nadal.","verified":false,"contributors_enabled":false,"profile_sidebar_border_color":"E078E6","name":"Rafael Nadal","profile_background_color":"050505","created_at":"Tue Sep 28 14:22:34 +0000 2010","default_profile_image":false,"followers_count":8533,"profile_image_url_https":"https://si0.twimg.com/profile_images/1158649445/Rafael_Nadal_normal.jpg","geo_enabled":false,"profile_background_image_url":"http://a0.twimg.com/profile_background_images/167925948/Rafael-Nadal-1-1152x864.jpg","profile_background_image_url_https":"https://si0.twimg.com/profile_background_images/167925948/Rafael-Nadal-1-1152x864.jpg","follow_request_sent":null,"entities":{"description":{"urls":[]}},"url":null,"utc_offset":-28800,"time_zone":"Pacific Time (US & Canada)","notifications":null,"profile_use_background_image":true,"friends_count":2132,"profile_sidebar_fill_color":"EDBBF0","screen_name":"NadalUpdate","id_str":"196175072","profile_image_url":"http://a0.twimg.com/profile_images/1158649445/Rafael_Nadal_normal.jpg","listed_count":75,"is_translator":false},"coordinates":null},{"contributors":null,"text":"Congrats to @WilkesU's Leslie Nicholas \u201981, who won top honor at the Nat'l Education Assoc\u2019s Salute to Excellence...http://t.co/C6offdcV","geo":null,"retweeted":false,"in_reply_to_screen_name":null,"possibly_sensitive":false,"truncated":false,"entities":{"urls":[{"expanded_url":"http://tinyurl.com/bdpr4jo","indices":[116,136],"display_url":"tinyurl.com/bdpr4jo","url":"http://t.co/C6offdcV"}],"hashtags":[],"user_mentions":[{"id":23446723,"name":"Wilkes University","indices":[12,20],"screen_name":"WilkesU","id_str":"23446723"}]},"in_reply_to_status_id_str":null,"id":303889427137171456,"source":"web","in_reply_to_user_id_str":null,"favorited":false,"in_reply_to_status_id":null,"retweet_count":0,"created_at":"Tue Feb 19 15:31:00 +0000 2013","in_reply_to_user_id":null,"id_str":"303889427137171456","place":null,"user":{"location":"Wilkes-Barre, PA","default_profile":false,"profile_background_tile":true,"statuses_count":1274,"lang":"en","profile_link_color":"0084B4","profile_banner_url":"https://si0.twimg.com/profile_banners/23446723/1355158201","id":23446723,"following":true,"protected":false,"favourites_count":2,"profile_text_color":"333333","description":"Wilkes University","verified":false,"contributors_enabled":false,"profile_sidebar_border_color":"BDDCAD","name":"Wilkes University","profile_background_color":"000000","created_at":"Mon Mar 09 15:20:26 +0000 2009","default_profile_image":false,"followers_count":1724,"profile_image_url_https":"https://si0.twimg.com/profile_images/2957609673/a1a960793ca13339f133a40cdc2010bb_normal.png","geo_enabled":false,"profile_background_image_url":"http://a0.twimg.com/profile_background_images/121046943/pattern.jpg","profile_background_image_url_https":"https://si0.twimg.com/profile_background_images/121046943/pattern.jpg","follow_request_sent":null,"entities":{"description":{"urls":[]},"url":{"urls":[{"expanded_url":null,"indices":[0,17],"url":"http://wilkes.edu"}]}},"url":"http://wilkes.edu","utc_offset":-18000,"time_zone":"Eastern Time (US & Canada)","notifications":null,"profile_use_background_image":true,"friends_count":161,"profile_sidebar_fill_color":"DDFFCC","screen_name":"WilkesU","id_str":"23446723","profile_image_url":"http://a0.twimg.com/profile_images/2957609673/a1a960793ca13339f133a40cdc2010bb_normal.png","listed_count":47,"is_translator":false},"coordinates":null},{"contributors":null,"text":"A look back at the astonishingly dominant career of Esther Vergeer, who won 470 straight matches: http://t.co/3xUKzOc3","geo":null,"retweeted":false,"in_reply_to_screen_name":null,"possibly_sensitive":false,"truncated":false,"entities":{"urls":[{"expanded_url":"http://ow.ly/hQAZh","indices":[98,118],"display_url":"ow.ly/hQAZh","url":"http://t.co/3xUKzOc3"}],"hashtags":[],"user_mentions":[]},"in_reply_to_status_id_str":null,"id":303889343590846464,"source":"<a href=\"http://www.hootsuite.com\" rel=\"nofollow\">HootSuite<\/a>","in_reply_to_user_id_str":null,"favorited":false,"in_reply_to_status_id":null,"retweet_count":4,"created_at":"Tue Feb 19 15:30:40 +0000 2013","in_reply_to_user_id":null,"id_str":"303889343590846464","place":null,"user":{"location":"New York","default_profile":false,"profile_background_tile":false,"statuses_count":16730,"lang":"en","profile_link_color":"2A527F","profile_banner_url":"https://si0.twimg.com/profile_banners/18847469/1355934456","id":18847469,"following":true,"protected":false,"favourites_count":0,"profile_text_color":"3C3940","description":"Breaking news, gear, instruction, more.\r\n'Like' us on Facebook: http://t.co/XArnogAW","verified":false,"contributors_enabled":false,"profile_sidebar_border_color":"FFFFFF","name":"TENNIS.com","profile_background_color":"FFFFFF","created_at":"Sat Jan 10 21:40:42 +0000 2009","default_profile_image":false,"followers_count":53481,"profile_image_url_https":"https://si0.twimg.com/profile_images/3122241682/95637d736c22db443527590d6a1d3fce_normal.png","geo_enabled":false,"profile_background_image_url":"http://a0.twimg.com/profile_background_images/742500375/e94231ed3b230b468972db37efcd5468.png","profile_background_image_url_https":"https://si0.twimg.com/profile_background_images/742500375/e94231ed3b230b468972db37efcd5468.png","follow_request_sent":null,"entities":{"description":{"urls":[{"expanded_url":"http://ow.ly/8zAqw","indices":[64,84],"display_url":"ow.ly/8zAqw","url":"http://t.co/XArnogAW"}]},"url":{"urls":[{"expanded_url":null,"indices":[0,21],"url":"http://www.tennis.com"}]}},"url":"http://www.tennis.com","utc_offset":-18000,"time_zone":"Eastern Time (US & Canada)","notifications":null,"profile_use_background_image":false,"friends_count":16,"profile_sidebar_fill_color":"95E8EC","screen_name":"tennis","id_str":"18847469","profile_image_url":"http://a0.twimg.com/profile_images/3122241682/95637d736c22db443527590d6a1d3fce_normal.png","listed_count":1885,"is_translator":false},"coordinates":null}]
@WilkesU - #LookingForward: #Career and Academic Planning for #HighSchool Students! Sponsored by @WilkesU + @MisericordiaU: http://t.co/mn6BCg8s
@J_Magz58 - I feel like a lot of kids withdraw-ed from my computer science class.
@RafaelNadal - Make your kms count with Nike +. Run  2,500 kms and help my foundation. Info here http://t.co/H8FX9u26  #nosotrascorremos
@BritishTennis - RT @CardioTennis_UK: GB Paralympians take part in Cardio Tennis . . http://t.co/FBHuydj4 @ParalympicsGB
@MardyFish - RT @KSWISS: Hey Tennis Fans! We are involved with LA Tennis Challenge. Come on out at see @BryanBros @MardyFish and more! http://t.co/l9 ...
@RafaelNadal - Conviertan sus KM en ayuda con Nike Plus.Sumen 2,500  Kms y apoyen a mi fundación. Aquí las bases http://t.co/H8FX9u26  #nosotrascorremos
@rolandgarros - RT @AllThingsAmrita: For tennis fans, this is how you would feel if you were Roger Federer http://t.co/NMYQpwK9 @rolandgarros tour #trav ...
@sporcle - Sports Logo Silhouettes: http://t.co/pDdpNd0C
@aliboo194 - RT @SeanBuecker: So fucking tired now #help #snoringinclass
@CNN - President Obama is speaking now about the possibility of forced spending cuts. Watch live on @CNN TV or http://t.co/OHYQ43cA.
@NadalUpdate - Rafael Nadal's Newest Piece Of Equipment Is A $690000 Watch http://t.co/S3OjHMcW
@olobersyko - WELL TO THAT, I SAY YOU'RE A...
@olobersyko - YOU CAN SAY I'M JUST A FOOL THAT STANDS FOR NOTHING
@olobersyko - NO WAR WITHOUT BLOOD
@olobersyko - RT @joshmeatsix: Shout out to my friends in @bmthofficial  lets get #ANTIVIST trending.
@DavisCup - RT @Tennis_Canada: Canada to return to #UBC in Vancouver for #DavisCup quarter-finals vs Italy. Tickets go on-sale March 6 http://t.co/U ...
@NadalUpdate - Roger Federer and Rafael Nadal, together again -- and just in time http://t.co/LfOZdnHe
@WilkesU - Congrats to @WilkesU's Leslie Nicholas ’81, who won top honor at the Nat'l Education Assoc’s Salute to Excellence...http://t.co/C6offdcV
@tennis - A look back at the astonishingly dominant career of Esther Vergeer, who won 470 straight matches: http://t.co/3xUKzOc3
enter the direct message:
fianlly got everything to worok    k #cs112     S CS1124LIFE
What is the recipientID? 
@JohnFueger^[[D^[[D                   JohnFueger
[Tue Feb 19 11:16:09 EST 2013]Request: 
[Tue Feb 19 11:16:09 EST 2013]POST http://api.twitter.com/1.1/direct_messages/new.json
[Tue Feb 19 11:16:09 EST 2013]OAuth base string: POST&http%3A%2F%2Fapi.twitter.com%2F1.1%2Fdirect_messages%2Fnew.json&include_entities%3D1%26include_rts%3D1%26oauth_consumer_key%3D87phzuHwuARcCwAjgVUYww%26oauth_nonce%3D-107863511%26oauth_signature_method%3DHMAC-SHA1%26oauth_timestamp%3D1361290569%26oauth_token%3D191177028-bAHbsEQvBbcNG8sQ1ZUPli9rhwGIzyx6CGvJIYbf%26oauth_version%3D1.0%26screen_name%3DJohnFueger%26text%3Dfianlly%2520got%2520everything%2520to%2520work%2520%2523CS1124LIFE
[Tue Feb 19 11:16:09 EST 2013]OAuth signature: MdJCBJp8qTKxOOoNfn+48gHUriQ=
[Tue Feb 19 11:16:09 EST 2013]Authorization: **********************************************************************************************************************************************************************************************************************************************************************************
[Tue Feb 19 11:16:09 EST 2013]X-Twitter-Client-URL: http://twitter4j.org/en/twitter4j-3.0.3.xml
[Tue Feb 19 11:16:09 EST 2013]X-Twitter-Client: Twitter4J
[Tue Feb 19 11:16:09 EST 2013]Accept-Encoding: gzip
[Tue Feb 19 11:16:09 EST 2013]User-Agent: twitter4j http://twitter4j.org/ /3.0.3
[Tue Feb 19 11:16:09 EST 2013]X-Twitter-Client-Version: 3.0.3
[Tue Feb 19 11:16:09 EST 2013]Post Params: screen_name=JohnFueger&text=fianlly%20got%20everything%20to%20work%20%23CS1124LIFE&include_entities=1&include_rts=1
[Tue Feb 19 11:16:10 EST 2013]Response: 
[Tue Feb 19 11:16:10 EST 2013]HTTP/1.1 403 Forbidden
[Tue Feb 19 11:16:10 EST 2013]X-Runtime: 0.04059
[Tue Feb 19 11:16:10 EST 2013]X-Transaction: 5845100913411102
[Tue Feb 19 11:16:10 EST 2013]Content-Length: 105
[Tue Feb 19 11:16:10 EST 2013]X-MID: 5bc0fcf991acf0af126920379d8187a38b75fc4e
[Tue Feb 19 11:16:10 EST 2013]Expires: Tue, 31 Mar 1981 05:00:00 GMT
[Tue Feb 19 11:16:10 EST 2013]Last-Modified: Tue, 19 Feb 2013 16:16:10 GMT
[Tue Feb 19 11:16:10 EST 2013]X-Access-Level: read-write
[Tue Feb 19 11:16:10 EST 2013]Set-Cookie: _twitter_sess=BAh7CToMY3NyZl9pZCIlMjVjOGU3NjYwMjkxNDMyNDk2MzFkZDcwY2QwOWQw%250ANjAiCmZsYXNoSUM6J0FjdGlvbkNvbnRyb2xsZXI6OkZsYXNoOjpGbGFzaEhh%250Ac2h7AAY6CkB1c2VkewA6D2NyZWF0ZWRfYXRsKwh5qT3zPAE6B2lkIiU5ODNk%250AZmY4NjQ5ODc3NzUyNDA0NjMxNWQ3MDBmMWFjZA%253D%253D--0e2fd41f3b6c750d346c70b6a79288adf72d1307; domain=.twitter.com; path=/; HttpOnly
[Tue Feb 19 11:16:10 EST 2013]Set-Cookie: twid=u%3D191177028%7CW%2BKfFTPQ0nuPKZ5ljw0rOi%2BfnuM%3D; domain=.twitter.com; path=/; secure
[Tue Feb 19 11:16:10 EST 2013]Set-Cookie: lang=en; path=/
[Tue Feb 19 11:16:10 EST 2013]Set-Cookie: lang=en; path=/
[Tue Feb 19 11:16:10 EST 2013]Set-Cookie: lang=en; path=/
[Tue Feb 19 11:16:10 EST 2013]Set-Cookie: dnt=; domain=.twitter.com; path=/; expires=Thu, 01-Jan-1970 00:00:00 GMT
[Tue Feb 19 11:16:10 EST 2013]Set-Cookie: guest_id=v1%3A136129057008773460; domain=.twitter.com; path=/; expires=Fri, 20-Feb-2015 04:16:10 GMT
[Tue Feb 19 11:16:10 EST 2013]Set-Cookie: k=10.40.59.106.1361290570082289; path=/; expires=Tue, 26-Feb-13 16:16:10 GMT; domain=.twitter.com
[Tue Feb 19 11:16:10 EST 2013]Server: tfe
[Tue Feb 19 11:16:10 EST 2013]Cache-Control: no-cache, no-store, must-revalidate, pre-check=0, post-check=0
[Tue Feb 19 11:16:10 EST 2013]Pragma: no-cache
[Tue Feb 19 11:16:10 EST 2013]X-Frame-Options: SAMEORIGIN
[Tue Feb 19 11:16:10 EST 2013]Status: 403 Forbidden
[Tue Feb 19 11:16:10 EST 2013]Vary: Accept-Encoding
[Tue Feb 19 11:16:10 EST 2013]Date: Tue, 19 Feb 2013 16:16:10 GMT
[Tue Feb 19 11:16:10 EST 2013]Content-Encoding: gzip
[Tue Feb 19 11:16:10 EST 2013]Content-Type: application/json; charset=utf-8
[Tue Feb 19 11:16:10 EST 2013]X-Transaction-Mask: a6183ffa5f8ca943ff1b53b5644ef114aad30ada
[Tue Feb 19 11:16:10 EST 2013]{"errors":[{"code":150,"message":"You cannot send messages to users who are not following you"}]}

403:The request is understood, but it has been refused. An accompanying error message will explain why. This code is used when requests are being denied due to update limits (https://support.twitter.com/articles/15364-about-twitter-limits-update-api-dm-and-following).
message - You cannot send messages to users who are not following you
code - 150

Relevant discussions can be found on the Internet at:
	http://www.google.co.jp/search?q=1ee4fdc3 or
	http://www.google.co.jp/search?q=16eca9ab
TwitterException{exceptionCode=[1ee4fdc3-16eca9ab], statusCode=403, message=You cannot send messages to users who are not following you, code=150, retryAfter=-1, rateLimitStatus=null, version=3.0.3}
	at twitter4j.internal.http.HttpClientImpl.request(HttpClientImpl.java:177)
	at twitter4j.internal.http.HttpClientWrapper.request(HttpClientWrapper.java:61)
	at twitter4j.internal.http.HttpClientWrapper.post(HttpClientWrapper.java:98)
	at twitter4j.TwitterImpl.post(TwitterImpl.java:1871)
	at twitter4j.TwitterImpl.sendDirectMessage(TwitterImpl.java:356)
	at TwitterClient.main(TwitterClient.java:89)
Failed to get timeline: 403:The request is understood, but it has been refused. An accompanying error message will explain why. This code is used when requests are being denied due to update limits (https://support.twitter.com/articles/15364-about-twitter-limits-update-api-dm-and-following).
message - You cannot send messages to users who are not following you
code - 150

]0;landgrebea@aldenv104: ~/cs112/lab3landgrebea@aldenv104:~/cs112/lab3$ exit
exit

Script done on Tue 19 Feb 2013 11:16:15 AM EST
